2021-11-02 00:54:10.9991 INFO Processing loging attepted
2021-11-02 00:54:11.0260 INFO name: sssspass: ssss
2021-11-02 00:54:11.0287 WARN Login failure
2021-11-02 00:55:03.0400 INFO Processing loging attepted
2021-11-02 00:55:03.0400 INFO name: Elonpass: boomer
2021-11-02 00:55:03.0400 INFO Login Success
2021-11-02 00:55:22.8092 INFO Processing loging attepted
2021-11-02 00:55:22.8092 INFO name: pass: 
2021-11-02 00:55:22.8092 WARN Login failure
2021-11-02 00:56:20.9384 INFO Processing loging attepted
2021-11-02 00:56:20.9574 INFO name: elonpass: boomer
2021-11-02 00:56:20.9653 WARN Login failure
2021-11-02 00:56:50.0828 INFO Processing loging attepted
2021-11-02 00:56:50.0828 INFO name: elonpass: boomer
2021-11-02 00:56:50.0828 WARN Login failure
2021-11-02 00:57:08.7373 INFO Processing loging attepted
2021-11-02 00:57:08.7373 INFO name: Elonpass: boomer
2021-11-02 00:57:08.7373 INFO Login Success
2021-11-02 16:10:03.7629 INFO Processing loging attepted
2021-11-02 16:16:20.6471 INFO Entering process login
2021-11-02 16:16:20.6797 INFO Leaving process login
2021-11-02 16:16:20.6797 INFO User logged in name: Elonpass: 
